root INFO 2022-07-26 10:00:44,161 啟動瀏覽器
root INFO 2022-07-26 10:00:44,689 午餐按鈕載入完畢
root INFO 2022-07-26 10:00:44,689 執行時間：2.835358 秒
root INFO 2022-07-26 10:00:44,700 開放候位
root INFO 2022-07-26 10:00:44,764 點擊成功!
root INFO 2022-07-26 10:00:44,780 下一步按鈕載入完畢
root INFO 2022-07-26 10:00:44,786 輸入名字欄位載入完畢
root INFO 2022-07-26 10:00:44,867 性別輸入成功
root INFO 2022-07-26 10:00:44,903 用餐人數輸入成功
root INFO 2022-07-26 10:00:45,018 下一步點擊成功
root INFO 2022-07-26 10:00:45,024 確認候位載入完畢
root INFO 2022-07-26 10:00:45,048 確認候位點擊完畢
root ERROR 2022-07-26 10:00:51,381 候位資訊載入失敗
root INFO 2022-07-26 16:00:44,098 啟動瀏覽器
root INFO 2022-07-26 16:00:44,637 晚餐按鈕載入完畢
root INFO 2022-07-26 16:00:44,637 執行時間：1.103543 秒
root INFO 2022-07-26 16:00:44,649 開放候位
root INFO 2022-07-26 16:00:44,703 點擊成功!
root INFO 2022-07-26 16:00:44,714 下一步按鈕載入完畢
root INFO 2022-07-26 16:00:44,729 輸入名字欄位載入完畢
root INFO 2022-07-26 16:00:44,813 性別輸入成功
root INFO 2022-07-26 16:00:44,849 用餐人數輸入成功
root INFO 2022-07-26 16:00:44,965 下一步點擊成功
root INFO 2022-07-26 16:00:44,971 確認候位載入完畢
root INFO 2022-07-26 16:00:44,996 確認候位點擊完畢
root ERROR 2022-07-26 16:00:50,403 候位資訊載入失敗
root INFO 2022-07-26 16:00:50,450 前面還有幾組
6543210
76543210
9876543210
取消候位
如需放棄候位，請按取消候位
root INFO 2022-07-26 16:12:43,810 啟動瀏覽器
root INFO 2022-07-26 16:12:44,855 晚餐按鈕載入完畢
root INFO 2022-07-26 16:12:44,855 執行時間：2.188905 秒
root INFO 2022-07-26 16:12:44,866 開放候位
root INFO 2022-07-26 16:12:44,925 點擊成功!
root INFO 2022-07-26 16:12:44,933 下一步按鈕載入完畢
root INFO 2022-07-26 16:12:44,940 輸入名字欄位載入完畢
root INFO 2022-07-26 16:12:45,050 性別輸入成功
root INFO 2022-07-26 16:12:45,090 用餐人數輸入成功
root INFO 2022-07-26 16:12:45,218 下一步點擊成功
root INFO 2022-07-26 16:12:45,225 確認候位載入完畢
root INFO 2022-07-26 16:12:45,250 確認候位點擊完畢
root ERROR 2022-07-26 16:12:50,397 候位資訊載入失敗
