root INFO 2022-07-27 10:03:59,299 啟動瀏覽器
root INFO 2022-07-27 10:04:00,376 午餐按鈕載入完畢
root INFO 2022-07-27 10:04:00,387 未開放
root INFO 2022-07-27 10:04:00,668 總執行時間：2.129007 秒
root INFO 2022-07-27 10:04:18,205 啟動瀏覽器
root INFO 2022-07-27 10:04:19,246 午餐按鈕載入完畢
root INFO 2022-07-27 10:04:19,256 未開放
root INFO 2022-07-27 10:04:19,531 總執行時間：2.407379 秒
root INFO 2022-07-27 10:05:59,926 啟動瀏覽器
root INFO 2022-07-27 10:06:00,457 午餐按鈕載入完畢
root INFO 2022-07-27 10:06:00,470 未開放
root INFO 2022-07-27 10:06:00,742 總執行時間：2.535315 秒
root INFO 2022-07-27 10:07:41,679 啟動瀏覽器
root INFO 2022-07-27 10:07:42,245 午餐按鈕載入完畢
root INFO 2022-07-27 10:07:42,258 未開放
root INFO 2022-07-27 10:08:18,941 點擊成功!
root INFO 2022-07-27 10:08:19,895 點擊成功!
root ERROR 2022-07-27 10:08:35,656 下一步按鈕或輸入名字欄位載入失敗
root INFO 2022-07-27 10:11:17,696 啟動瀏覽器
root INFO 2022-07-27 10:11:18,253 午餐按鈕載入完畢
root INFO 2022-07-27 10:11:18,273 未開放
root INFO 2022-07-27 10:11:32,912 點擊成功!
root INFO 2022-07-27 10:11:32,912 點擊成功!
root INFO 2022-07-27 10:11:50,520 啟動瀏覽器
root INFO 2022-07-27 10:11:51,566 午餐按鈕載入完畢
root INFO 2022-07-27 10:11:51,576 未開放
root INFO 2022-07-27 10:12:03,886 點擊成功!
root INFO 2022-07-27 10:12:03,886 點擊成功!
root ERROR 2022-07-27 10:12:09,064 下一步按鈕或輸入名字欄位載入失敗
root INFO 2022-07-27 10:25:21,635 啟動瀏覽器
root INFO 2022-07-27 10:25:22,174 午餐按鈕載入完畢
root INFO 2022-07-27 10:25:22,184 未開放
root INFO 2022-07-27 10:25:22,462 總執行時間：1.386161 秒
root INFO 2022-07-27 10:27:31,494 啟動瀏覽器
root INFO 2022-07-27 10:27:32,550 午餐按鈕載入完畢
root INFO 2022-07-27 10:27:32,561 未開放
root INFO 2022-07-27 10:27:32,841 總執行時間：1.947463 秒
root INFO 2022-07-27 11:14:45,911 啟動瀏覽器
root INFO 2022-07-27 11:14:46,962 午餐按鈕載入完畢
root INFO 2022-07-27 11:14:46,974 開放候位
root INFO 2022-07-27 11:15:22,381 啟動瀏覽器
root INFO 2022-07-27 11:15:23,443 午餐按鈕載入完畢
root INFO 2022-07-27 11:15:23,454 開放候位
root INFO 2022-07-27 11:16:09,192 點擊成功!
root ERROR 2022-07-27 11:16:30,271 下一步按鈕或輸入名字欄位載入失敗
root INFO 2022-07-27 14:47:40,913 啟動瀏覽器
root INFO 2022-07-27 14:47:41,951 晚餐按鈕載入完畢
root INFO 2022-07-27 14:47:41,963 未開放
root INFO 2022-07-27 14:47:41,963 總執行時間：2.056717 秒
root INFO 2022-07-27 14:48:38,377 啟動瀏覽器
root INFO 2022-07-27 14:48:39,445 晚餐按鈕載入完畢
root INFO 2022-07-27 14:48:39,463 開放候位
root INFO 2022-07-27 14:49:06,449 點擊成功!
root INFO 2022-07-27 14:52:55,534 啟動瀏覽器
root INFO 2022-07-27 14:52:56,600 晚餐按鈕載入完畢
root INFO 2022-07-27 14:52:56,614 開放候位
root INFO 2022-07-27 14:54:45,457 點擊成功!
root ERROR 2022-07-27 14:54:53,657 欄位載入失敗
root ERROR 2022-07-27 14:54:53,657 
root INFO 2022-07-27 14:54:53,657 總執行時間：119.096760 秒
root INFO 2022-07-27 14:56:33,819 啟動瀏覽器
root INFO 2022-07-27 14:56:34,874 晚餐按鈕載入完畢
root INFO 2022-07-27 14:56:34,890 開放候位
root INFO 2022-07-27 14:58:34,655 啟動瀏覽器
root INFO 2022-07-27 14:58:35,704 晚餐按鈕載入完畢
root INFO 2022-07-27 14:58:35,716 開放候位
root INFO 2022-07-27 14:58:39,698 點擊成功!
root ERROR 2022-07-27 14:58:44,872 欄位載入失敗
root ERROR 2022-07-27 14:58:44,872 Message: 
Stacktrace:
Backtrace:
	Ordinal0 [0x00325FD3+2187219]
	Ordinal0 [0x002BE6D1+1763025]
	Ordinal0 [0x001D3E78+802424]
	Ordinal0 [0x00201C10+990224]
	Ordinal0 [0x00201EAB+990891]
	Ordinal0 [0x0022EC92+1174674]
	Ordinal0 [0x0021CBD4+1100756]
	Ordinal0 [0x0022CFC2+1167298]
	Ordinal0 [0x0021C9A6+1100198]
	Ordinal0 [0x001F6F80+946048]
	Ordinal0 [0x001F7E76+949878]
	GetHandleVerifier [0x005C90C2+2721218]
	GetHandleVerifier [0x005BAAF0+2662384]
	GetHandleVerifier [0x003B137A+526458]
	GetHandleVerifier [0x003B0416+522518]
	Ordinal0 [0x002C4EAB+1789611]
	Ordinal0 [0x002C97A8+1808296]
	Ordinal0 [0x002C9895+1808533]
	Ordinal0 [0x002D26C1+1844929]
	BaseThreadInitThunk [0x76A36739+25]
	RtlGetFullPathName_UEx [0x77EB8FEF+1215]
	RtlGetFullPathName_UEx [0x77EB8FBD+1165]

root INFO 2022-07-27 14:58:44,872 總執行時間：10.982062 秒
root INFO 2022-07-27 14:59:51,644 啟動瀏覽器
root INFO 2022-07-27 14:59:52,684 晚餐按鈕載入完畢
root INFO 2022-07-27 14:59:52,697 開放候位
root INFO 2022-07-27 14:59:56,361 點擊成功!
root ERROR 2022-07-27 15:00:01,539 欄位載入失敗
root ERROR 2022-07-27 15:00:01,539 
root INFO 2022-07-27 15:00:01,539 總執行時間：10.474516 秒
root INFO 2022-07-27 15:08:00,397 啟動瀏覽器
root INFO 2022-07-27 15:08:01,509 晚餐按鈕載入完畢
root INFO 2022-07-27 15:08:01,522 未開放
root INFO 2022-07-27 15:08:01,522 總執行時間：2.150878 秒
